34756: Apr 17 2017, 13:04:07 level#7 default  main: line #16 "MESSAGE: 1" 
34756: Apr 17 2017, 13:04:07 level#7 File     main: line #17 "MESSAGE: 2" 
34756: Apr 17 2017, 13:04:07 level#7 Module 2 main: line #18 "MESSAGE: 3" 
34756: Apr 17 2017, 13:04:07 level#7 Module 3 main: line #19 "MESSAGE: 4" 
34756: Apr 17 2017, 13:04:07 level#7 File     main: line #20 "MESSAGE: 5" 
34756: Apr 17 2017, 13:04:07 level#5 default  test: line #46 "IN-FUNC: 4" 
34756: Apr 17 2017, 13:04:07 level#8 Other    test: line #47 "IN-FUNC: 5" 
34989: Apr 17 2017, 13:07:53 level#7 default  main: line #16 "MESSAGE: 1" 
34989: Apr 17 2017, 13:07:53 level#7 File     main: line #17 "MESSAGE: 2" 
34989: Apr 17 2017, 13:07:53 level#7 Module 2 main: line #18 "MESSAGE: 3" 
34989: Apr 17 2017, 13:07:53 level#7 Module 3 main: line #19 "MESSAGE: 4" 
34989: Apr 17 2017, 13:07:53 level#7 File     main: line #20 "MESSAGE: 5" 
34989: Apr 17 2017, 13:07:53 level#5 default  test: line #46 "IN-FUNC: 4" 
34989: Apr 17 2017, 13:07:53 level#8 Other    test: line #47 "IN-FUNC: 5" 
34564: Apr 17 2017, 13:07:53 level#7 default  main: line #16 "MESSAGE: 1" 
34564: Apr 17 2017, 13:07:53 level#7 File     main: line #17 "MESSAGE: 2" 
34564: Apr 17 2017, 13:07:53 level#7 Module 2 main: line #18 "MESSAGE: 3" 
34564: Apr 17 2017, 13:07:53 level#7 Module 3 main: line #19 "MESSAGE: 4" 
34564: Apr 17 2017, 13:07:53 level#7 File     main: line #20 "MESSAGE: 5" 
34564: Apr 17 2017, 13:07:53 level#5 default  test: line #46 "IN-FUNC: 4" 
34564: Apr 17 2017, 13:07:53 level#8 Other    test: line #47 "IN-FUNC: 5" 
